<?xml version="1.0" encoding="UTF-8"?>
<coverage generated="1757920009485" clover="3.2.0">
  <project timestamp="1757920009486" name="All files">
    <metrics statements="131" coveredstatements="90" conditionals="81" coveredconditionals="25" methods="20" coveredmethods="15" elements="232" coveredelements="130" complexity="0" loc="131" ncloc="131" packages="1" files="1" classes="1"/>
    <file name="useAuth.js" path="X:\GitHub-Repo\fox-shrine-vtuber-website\fox-shrine-vtuber\src\hooks\useAuth.js">
      <metrics statements="131" coveredstatements="90" conditionals="81" coveredconditionals="25" methods="20" coveredmethods="15"/>
      <line num="4" count="1" type="stmt"/>
      <line num="7" count="1" type="cond" truecount="2" falsecount="0"/>
      <line num="10" count="1" type="stmt"/>
      <line num="11" count="28" type="stmt"/>
      <line num="12" count="28" type="stmt"/>
      <line num="13" count="28" type="stmt"/>
      <line num="16" count="28" type="stmt"/>
      <line num="17" count="18" type="stmt"/>
      <line num="21" count="28" type="stmt"/>
      <line num="22" count="4" type="stmt"/>
      <line num="23" count="4" type="stmt"/>
      <line num="27" count="28" type="stmt"/>
      <line num="28" count="3" type="stmt"/>
      <line num="29" count="3" type="stmt"/>
      <line num="33" count="28" type="cond" truecount="1" falsecount="0"/>
      <line num="34" count="8" type="stmt"/>
      <line num="35" count="8" type="stmt"/>
      <line num="40" count="8" type="cond" truecount="2" falsecount="0"/>
      <line num="41" count="7" type="stmt"/>
      <line num="44" count="8" type="stmt"/>
      <line num="49" count="8" type="cond" truecount="4" falsecount="0"/>
      <line num="51" count="1" type="stmt"/>
      <line num="52" count="1" type="stmt"/>
      <line num="53" count="1" type="stmt"/>
      <line num="56" count="7" type="stmt"/>
      <line num="60" count="28" type="stmt"/>
      <line num="61" count="10" type="stmt"/>
      <line num="62" count="10" type="stmt"/>
      <line num="63" count="10" type="cond" truecount="2" falsecount="0"/>
      <line num="64" count="6" type="stmt"/>
      <line num="65" count="6" type="stmt"/>
      <line num="68" count="4" type="stmt"/>
      <line num="70" count="3" type="cond" truecount="1" falsecount="1"/>
      <line num="71" count="3" type="stmt"/>
      <line num="72" count="3" type="stmt"/>
      <line num="74" count="0" type="stmt"/>
      <line num="75" count="0" type="stmt"/>
      <line num="78" count="1" type="stmt"/>
      <line num="79" count="1" type="stmt"/>
      <line num="80" count="1" type="stmt"/>
      <line num="82" count="10" type="stmt"/>
      <line num="87" count="28" type="stmt"/>
      <line num="88" count="4" type="stmt"/>
      <line num="89" count="4" type="stmt"/>
      <line num="90" count="4" type="stmt"/>
      <line num="98" count="4" type="stmt"/>
      <line num="100" count="4" type="cond" truecount="2" falsecount="0"/>
      <line num="101" count="3" type="stmt"/>
      <line num="102" count="3" type="stmt"/>
      <line num="103" count="3" type="stmt"/>
      <line num="105" count="1" type="cond" truecount="1" falsecount="1"/>
      <line num="106" count="1" type="cond" truecount="1" falsecount="1"/>
      <line num="109" count="0" type="stmt"/>
      <line num="110" count="0" type="stmt"/>
      <line num="111" count="0" type="stmt"/>
      <line num="112" count="0" type="stmt"/>
      <line num="117" count="28" type="stmt"/>
      <line num="118" count="1" type="stmt"/>
      <line num="119" count="1" type="stmt"/>
      <line num="120" count="1" type="stmt"/>
      <line num="128" count="1" type="stmt"/>
      <line num="130" count="1" type="cond" truecount="1" falsecount="1"/>
      <line num="131" count="1" type="stmt"/>
      <line num="132" count="1" type="stmt"/>
      <line num="133" count="1" type="stmt"/>
      <line num="135" count="0" type="cond" truecount="0" falsecount="2"/>
      <line num="136" count="0" type="cond" truecount="0" falsecount="2"/>
      <line num="139" count="0" type="stmt"/>
      <line num="140" count="0" type="stmt"/>
      <line num="141" count="0" type="stmt"/>
      <line num="142" count="0" type="stmt"/>
      <line num="147" count="28" type="stmt"/>
      <line num="148" count="1" type="stmt"/>
      <line num="149" count="1" type="stmt"/>
      <line num="151" count="0" type="stmt"/>
      <line num="153" count="1" type="stmt"/>
      <line num="154" count="1" type="stmt"/>
      <line num="159" count="28" type="stmt"/>
      <line num="160" count="2" type="cond" truecount="3" falsecount="0"/>
      <line num="164" count="28" type="stmt"/>
      <line num="165" count="0" type="cond" truecount="0" falsecount="2"/>
      <line num="169" count="28" type="stmt"/>
      <line num="170" count="0" type="cond" truecount="0" falsecount="3"/>
      <line num="174" count="28" type="stmt"/>
      <line num="175" count="4" type="stmt"/>
      <line num="179" count="28" type="stmt"/>
      <line num="180" count="2" type="stmt"/>
      <line num="181" count="2" type="stmt"/>
      <line num="182" count="2" type="stmt"/>
      <line num="187" count="2" type="stmt"/>
      <line num="189" count="2" type="cond" truecount="2" falsecount="0"/>
      <line num="190" count="1" type="stmt"/>
      <line num="191" count="1" type="stmt"/>
      <line num="193" count="1" type="cond" truecount="1" falsecount="1"/>
      <line num="194" count="1" type="cond" truecount="1" falsecount="1"/>
      <line num="197" count="0" type="stmt"/>
      <line num="198" count="0" type="stmt"/>
      <line num="199" count="0" type="stmt"/>
      <line num="200" count="0" type="stmt"/>
      <line num="205" count="28" type="stmt"/>
      <line num="206" count="10" type="stmt"/>
      <line num="209" count="28" type="stmt"/>
      <line num="225" count="28" type="stmt"/>
      <line num="233" count="1" type="stmt"/>
      <line num="234" count="28" type="stmt"/>
      <line num="235" count="28" type="cond" truecount="1" falsecount="1"/>
      <line num="236" count="0" type="stmt"/>
      <line num="238" count="28" type="stmt"/>
      <line num="242" count="1" type="cond" truecount="0" falsecount="2"/>
      <line num="243" count="0" type="stmt"/>
      <line num="244" count="0" type="stmt"/>
      <line num="246" count="0" type="cond" truecount="0" falsecount="2"/>
      <line num="247" count="0" type="stmt"/>
      <line num="254" count="0" type="cond" truecount="0" falsecount="2"/>
      <line num="255" count="0" type="stmt"/>
      <line num="265" count="0" type="cond" truecount="0" falsecount="4"/>
      <line num="266" count="0" type="stmt"/>
      <line num="276" count="0" type="cond" truecount="0" falsecount="4"/>
      <line num="277" count="0" type="stmt"/>
      <line num="287" count="0" type="stmt"/>
      <line num="292" count="1" type="stmt"/>
      <line num="299" count="0" type="stmt"/>
      <line num="301" count="0" type="cond" truecount="0" falsecount="2"/>
      <line num="302" count="0" type="cond" truecount="0" falsecount="2"/>
      <line num="305" count="0" type="cond" truecount="0" falsecount="4"/>
      <line num="306" count="0" type="cond" truecount="0" falsecount="2"/>
      <line num="309" count="0" type="cond" truecount="0" falsecount="4"/>
      <line num="310" count="0" type="cond" truecount="0" falsecount="2"/>
      <line num="313" count="0" type="cond" truecount="0" falsecount="4"/>
      <line num="314" count="0" type="cond" truecount="0" falsecount="2"/>
      <line num="317" count="0" type="stmt"/>
    </file>
  </project>
</coverage>
