{"X:\\GitHub-Repo\\fox-shrine-vtuber-website\\fox-shrine-vtuber\\src\\hooks\\useAuth.js": {"path":"X:\\GitHub-Repo\\fox-shrine-vtuber-website\\fox-shrine-vtuber\\src\\hooks\\useAuth.js","statementMap":{"0":{"start":{"line":4,"column":20},"end":{"line":4,"column":39}},"1":{"start":{"line":7,"column":21},"end":{"line":7,"column":81}},"2":{"start":{"line":10,"column":28},"end":{"line":230,"column":1}},"3":{"start":{"line":11,"column":28},"end":{"line":11,"column":42}},"4":{"start":{"line":12,"column":34},"end":{"line":12,"column":48}},"5":{"start":{"line":13,"column":30},"end":{"line":13,"column":44}},"6":{"start":{"line":16,"column":27},"end":{"line":18,"column":10}},"7":{"start":{"line":17,"column":8},"end":{"line":17,"column":62}},"8":{"start":{"line":21,"column":24},"end":{"line":24,"column":10}},"9":{"start":{"line":22,"column":8},"end":{"line":22,"column":75}},"10":{"start":{"line":23,"column":8},"end":{"line":23,"column":77}},"11":{"start":{"line":27,"column":24},"end":{"line":30,"column":10}},"12":{"start":{"line":28,"column":8},"end":{"line":28,"column":58}},"13":{"start":{"line":29,"column":8},"end":{"line":29,"column":59}},"14":{"start":{"line":33,"column":20},"end":{"line":57,"column":37}},"15":{"start":{"line":34,"column":22},"end":{"line":34,"column":38}},"16":{"start":{"line":35,"column":24},"end":{"line":38,"column":9}},"17":{"start":{"line":40,"column":8},"end":{"line":42,"column":9}},"18":{"start":{"line":41,"column":12},"end":{"line":41,"column":54}},"19":{"start":{"line":44,"column":25},"end":{"line":47,"column":10}},"20":{"start":{"line":49,"column":8},"end":{"line":54,"column":9}},"21":{"start":{"line":51,"column":12},"end":{"line":51,"column":26}},"22":{"start":{"line":52,"column":12},"end":{"line":52,"column":26}},"23":{"start":{"line":53,"column":12},"end":{"line":53,"column":47}},"24":{"start":{"line":56,"column":8},"end":{"line":56,"column":24}},"25":{"start":{"line":60,"column":28},"end":{"line":84,"column":46}},"26":{"start":{"line":61,"column":8},"end":{"line":83,"column":9}},"27":{"start":{"line":62,"column":26},"end":{"line":62,"column":42}},"28":{"start":{"line":63,"column":12},"end":{"line":66,"column":13}},"29":{"start":{"line":64,"column":16},"end":{"line":64,"column":34}},"30":{"start":{"line":65,"column":16},"end":{"line":65,"column":23}},"31":{"start":{"line":68,"column":29},"end":{"line":68,"column":59}},"32":{"start":{"line":70,"column":12},"end":{"line":76,"column":13}},"33":{"start":{"line":71,"column":29},"end":{"line":71,"column":50}},"34":{"start":{"line":72,"column":16},"end":{"line":72,"column":35}},"35":{"start":{"line":74,"column":16},"end":{"line":74,"column":30}},"36":{"start":{"line":75,"column":16},"end":{"line":75,"column":30}},"37":{"start":{"line":78,"column":12},"end":{"line":78,"column":65}},"38":{"start":{"line":79,"column":12},"end":{"line":79,"column":26}},"39":{"start":{"line":80,"column":12},"end":{"line":80,"column":26}},"40":{"start":{"line":82,"column":12},"end":{"line":82,"column":30}},"41":{"start":{"line":87,"column":18},"end":{"line":114,"column":21}},"42":{"start":{"line":88,"column":8},"end":{"line":113,"column":9}},"43":{"start":{"line":89,"column":12},"end":{"line":89,"column":27}},"44":{"start":{"line":90,"column":29},"end":{"line":96,"column":14}},"45":{"start":{"line":98,"column":25},"end":{"line":98,"column":46}},"46":{"start":{"line":100,"column":12},"end":{"line":107,"column":13}},"47":{"start":{"line":101,"column":16},"end":{"line":101,"column":41}},"48":{"start":{"line":102,"column":16},"end":{"line":102,"column":35}},"49":{"start":{"line":103,"column":16},"end":{"line":103,"column":58}},"50":{"start":{"line":105,"column":16},"end":{"line":105,"column":55}},"51":{"start":{"line":106,"column":16},"end":{"line":106,"column":79}},"52":{"start":{"line":109,"column":12},"end":{"line":109,"column":49}},"53":{"start":{"line":110,"column":33},"end":{"line":110,"column":67}},"54":{"start":{"line":111,"column":12},"end":{"line":111,"column":35}},"55":{"start":{"line":112,"column":12},"end":{"line":112,"column":59}},"56":{"start":{"line":117,"column":21},"end":{"line":144,"column":21}},"57":{"start":{"line":118,"column":8},"end":{"line":143,"column":9}},"58":{"start":{"line":119,"column":12},"end":{"line":119,"column":27}},"59":{"start":{"line":120,"column":29},"end":{"line":126,"column":14}},"60":{"start":{"line":128,"column":25},"end":{"line":128,"column":46}},"61":{"start":{"line":130,"column":12},"end":{"line":137,"column":13}},"62":{"start":{"line":131,"column":16},"end":{"line":131,"column":41}},"63":{"start":{"line":132,"column":16},"end":{"line":132,"column":35}},"64":{"start":{"line":133,"column":16},"end":{"line":133,"column":58}},"65":{"start":{"line":135,"column":16},"end":{"line":135,"column":62}},"66":{"start":{"line":136,"column":16},"end":{"line":136,"column":86}},"67":{"start":{"line":139,"column":12},"end":{"line":139,"column":56}},"68":{"start":{"line":140,"column":33},"end":{"line":140,"column":67}},"69":{"start":{"line":141,"column":12},"end":{"line":141,"column":35}},"70":{"start":{"line":142,"column":12},"end":{"line":142,"column":59}},"71":{"start":{"line":147,"column":19},"end":{"line":156,"column":30}},"72":{"start":{"line":148,"column":8},"end":{"line":155,"column":9}},"73":{"start":{"line":149,"column":12},"end":{"line":149,"column":62}},"74":{"start":{"line":151,"column":12},"end":{"line":151,"column":50}},"75":{"start":{"line":153,"column":12},"end":{"line":153,"column":26}},"76":{"start":{"line":154,"column":12},"end":{"line":154,"column":26}},"77":{"start":{"line":159,"column":26},"end":{"line":161,"column":14}},"78":{"start":{"line":160,"column":8},"end":{"line":160,"column":81}},"79":{"start":{"line":164,"column":20},"end":{"line":166,"column":14}},"80":{"start":{"line":165,"column":8},"end":{"line":165,"column":42}},"81":{"start":{"line":169,"column":20},"end":{"line":171,"column":14}},"82":{"start":{"line":170,"column":8},"end":{"line":170,"column":78}},"83":{"start":{"line":174,"column":28},"end":{"line":176,"column":14}},"84":{"start":{"line":175,"column":8},"end":{"line":175,"column":22}},"85":{"start":{"line":179,"column":26},"end":{"line":202,"column":17}},"86":{"start":{"line":180,"column":8},"end":{"line":201,"column":9}},"87":{"start":{"line":181,"column":12},"end":{"line":181,"column":27}},"88":{"start":{"line":182,"column":29},"end":{"line":185,"column":14}},"89":{"start":{"line":187,"column":25},"end":{"line":187,"column":46}},"90":{"start":{"line":189,"column":12},"end":{"line":195,"column":13}},"91":{"start":{"line":190,"column":16},"end":{"line":190,"column":35}},"92":{"start":{"line":191,"column":16},"end":{"line":191,"column":58}},"93":{"start":{"line":193,"column":16},"end":{"line":193,"column":64}},"94":{"start":{"line":194,"column":16},"end":{"line":194,"column":88}},"95":{"start":{"line":197,"column":12},"end":{"line":197,"column":58}},"96":{"start":{"line":198,"column":33},"end":{"line":198,"column":67}},"97":{"start":{"line":199,"column":12},"end":{"line":199,"column":35}},"98":{"start":{"line":200,"column":12},"end":{"line":200,"column":59}},"99":{"start":{"line":205,"column":4},"end":{"line":207,"column":26}},"100":{"start":{"line":206,"column":8},"end":{"line":206,"column":26}},"101":{"start":{"line":209,"column":18},"end":{"line":223,"column":130}},"102":{"start":{"line":209,"column":33},"end":{"line":223,"column":5}},"103":{"start":{"line":225,"column":4},"end":{"line":229,"column":6}},"104":{"start":{"line":233,"column":23},"end":{"line":239,"column":1}},"105":{"start":{"line":234,"column":20},"end":{"line":234,"column":43}},"106":{"start":{"line":235,"column":4},"end":{"line":237,"column":5}},"107":{"start":{"line":236,"column":8},"end":{"line":236,"column":71}},"108":{"start":{"line":238,"column":4},"end":{"line":238,"column":19}},"109":{"start":{"line":242,"column":24},"end":{"line":289,"column":1}},"110":{"start":{"line":243,"column":4},"end":{"line":288,"column":6}},"111":{"start":{"line":244,"column":58},"end":{"line":244,"column":67}},"112":{"start":{"line":246,"column":8},"end":{"line":252,"column":9}},"113":{"start":{"line":247,"column":12},"end":{"line":251,"column":14}},"114":{"start":{"line":254,"column":8},"end":{"line":263,"column":9}},"115":{"start":{"line":255,"column":12},"end":{"line":262,"column":14}},"116":{"start":{"line":265,"column":8},"end":{"line":274,"column":9}},"117":{"start":{"line":266,"column":12},"end":{"line":273,"column":14}},"118":{"start":{"line":276,"column":8},"end":{"line":285,"column":9}},"119":{"start":{"line":277,"column":12},"end":{"line":284,"column":14}},"120":{"start":{"line":287,"column":8},"end":{"line":287,"column":40}},"121":{"start":{"line":292,"column":30},"end":{"line":318,"column":1}},"122":{"start":{"line":299,"column":54},"end":{"line":299,"column":63}},"123":{"start":{"line":301,"column":4},"end":{"line":303,"column":5}},"124":{"start":{"line":302,"column":8},"end":{"line":302,"column":32}},"125":{"start":{"line":305,"column":4},"end":{"line":307,"column":5}},"126":{"start":{"line":306,"column":8},"end":{"line":306,"column":32}},"127":{"start":{"line":309,"column":4},"end":{"line":311,"column":5}},"128":{"start":{"line":310,"column":8},"end":{"line":310,"column":32}},"129":{"start":{"line":313,"column":4},"end":{"line":315,"column":5}},"130":{"start":{"line":314,"column":8},"end":{"line":314,"column":32}},"131":{"start":{"line":317,"column":4},"end":{"line":317,"column":20}}},"fnMap":{"0":{"name":"(anonymous_0)","decl":{"start":{"line":10,"column":28},"end":{"line":10,"column":29}},"loc":{"start":{"line":10,"column":46},"end":{"line":230,"column":1}},"line":10},"1":{"name":"(anonymous_1)","decl":{"start":{"line":16,"column":39},"end":{"line":16,"column":40}},"loc":{"start":{"line":16,"column":45},"end":{"line":18,"column":5}},"line":16},"2":{"name":"(anonymous_2)","decl":{"start":{"line":21,"column":36},"end":{"line":21,"column":37}},"loc":{"start":{"line":21,"column":48},"end":{"line":24,"column":5}},"line":21},"3":{"name":"(anonymous_3)","decl":{"start":{"line":27,"column":36},"end":{"line":27,"column":37}},"loc":{"start":{"line":27,"column":42},"end":{"line":30,"column":5}},"line":27},"4":{"name":"(anonymous_4)","decl":{"start":{"line":33,"column":32},"end":{"line":33,"column":33}},"loc":{"start":{"line":33,"column":66},"end":{"line":57,"column":5}},"line":33},"5":{"name":"(anonymous_5)","decl":{"start":{"line":60,"column":40},"end":{"line":60,"column":41}},"loc":{"start":{"line":60,"column":52},"end":{"line":84,"column":5}},"line":60},"6":{"name":"(anonymous_6)","decl":{"start":{"line":87,"column":30},"end":{"line":87,"column":31}},"loc":{"start":{"line":87,"column":60},"end":{"line":114,"column":5}},"line":87},"7":{"name":"(anonymous_7)","decl":{"start":{"line":117,"column":33},"end":{"line":117,"column":34}},"loc":{"start":{"line":117,"column":53},"end":{"line":144,"column":5}},"line":117},"8":{"name":"(anonymous_8)","decl":{"start":{"line":147,"column":31},"end":{"line":147,"column":32}},"loc":{"start":{"line":147,"column":43},"end":{"line":156,"column":5}},"line":147},"9":{"name":"(anonymous_9)","decl":{"start":{"line":159,"column":38},"end":{"line":159,"column":39}},"loc":{"start":{"line":159,"column":54},"end":{"line":161,"column":5}},"line":159},"10":{"name":"(anonymous_10)","decl":{"start":{"line":164,"column":32},"end":{"line":164,"column":33}},"loc":{"start":{"line":164,"column":42},"end":{"line":166,"column":5}},"line":164},"11":{"name":"(anonymous_11)","decl":{"start":{"line":169,"column":32},"end":{"line":169,"column":33}},"loc":{"start":{"line":169,"column":38},"end":{"line":171,"column":5}},"line":169},"12":{"name":"(anonymous_12)","decl":{"start":{"line":174,"column":40},"end":{"line":174,"column":41}},"loc":{"start":{"line":174,"column":46},"end":{"line":176,"column":5}},"line":174},"13":{"name":"(anonymous_13)","decl":{"start":{"line":179,"column":38},"end":{"line":179,"column":39}},"loc":{"start":{"line":179,"column":61},"end":{"line":202,"column":5}},"line":179},"14":{"name":"(anonymous_14)","decl":{"start":{"line":205,"column":14},"end":{"line":205,"column":15}},"loc":{"start":{"line":205,"column":20},"end":{"line":207,"column":5}},"line":205},"15":{"name":"(anonymous_15)","decl":{"start":{"line":209,"column":26},"end":{"line":209,"column":27}},"loc":{"start":{"line":209,"column":33},"end":{"line":223,"column":5}},"line":209},"16":{"name":"(anonymous_16)","decl":{"start":{"line":233,"column":23},"end":{"line":233,"column":24}},"loc":{"start":{"line":233,"column":29},"end":{"line":239,"column":1}},"line":233},"17":{"name":"(anonymous_17)","decl":{"start":{"line":242,"column":24},"end":{"line":242,"column":25}},"loc":{"start":{"line":242,"column":87},"end":{"line":289,"column":1}},"line":242},"18":{"name":"AuthenticatedComponent","decl":{"start":{"line":243,"column":20},"end":{"line":243,"column":42}},"loc":{"start":{"line":243,"column":50},"end":{"line":288,"column":5}},"line":243},"19":{"name":"(anonymous_19)","decl":{"start":{"line":292,"column":30},"end":{"line":292,"column":31}},"loc":{"start":{"line":298,"column":6},"end":{"line":318,"column":1}},"line":298}},"branchMap":{"0":{"loc":{"start":{"line":7,"column":21},"end":{"line":7,"column":81}},"type":"binary-expr","locations":[{"start":{"line":7,"column":21},"end":{"line":7,"column":50}},{"start":{"line":7,"column":54},"end":{"line":7,"column":81}}],"line":7},"1":{"loc":{"start":{"line":33,"column":49},"end":{"line":33,"column":61}},"type":"default-arg","locations":[{"start":{"line":33,"column":59},"end":{"line":33,"column":61}}],"line":33},"2":{"loc":{"start":{"line":40,"column":8},"end":{"line":42,"column":9}},"type":"if","locations":[{"start":{"line":40,"column":8},"end":{"line":42,"column":9}},{"start":{},"end":{}}],"line":40},"3":{"loc":{"start":{"line":49,"column":8},"end":{"line":54,"column":9}},"type":"if","locations":[{"start":{"line":49,"column":8},"end":{"line":54,"column":9}},{"start":{},"end":{}}],"line":49},"4":{"loc":{"start":{"line":49,"column":12},"end":{"line":49,"column":44}},"type":"binary-expr","locations":[{"start":{"line":49,"column":12},"end":{"line":49,"column":35}},{"start":{"line":49,"column":39},"end":{"line":49,"column":44}}],"line":49},"5":{"loc":{"start":{"line":63,"column":12},"end":{"line":66,"column":13}},"type":"if","locations":[{"start":{"line":63,"column":12},"end":{"line":66,"column":13}},{"start":{},"end":{}}],"line":63},"6":{"loc":{"start":{"line":70,"column":12},"end":{"line":76,"column":13}},"type":"if","locations":[{"start":{"line":70,"column":12},"end":{"line":76,"column":13}},{"start":{"line":73,"column":19},"end":{"line":76,"column":13}}],"line":70},"7":{"loc":{"start":{"line":100,"column":12},"end":{"line":107,"column":13}},"type":"if","locations":[{"start":{"line":100,"column":12},"end":{"line":107,"column":13}},{"start":{"line":104,"column":19},"end":{"line":107,"column":13}}],"line":100},"8":{"loc":{"start":{"line":105,"column":25},"end":{"line":105,"column":53}},"type":"binary-expr","locations":[{"start":{"line":105,"column":25},"end":{"line":105,"column":35}},{"start":{"line":105,"column":39},"end":{"line":105,"column":53}}],"line":105},"9":{"loc":{"start":{"line":106,"column":48},"end":{"line":106,"column":76}},"type":"binary-expr","locations":[{"start":{"line":106,"column":48},"end":{"line":106,"column":58}},{"start":{"line":106,"column":62},"end":{"line":106,"column":76}}],"line":106},"10":{"loc":{"start":{"line":130,"column":12},"end":{"line":137,"column":13}},"type":"if","locations":[{"start":{"line":130,"column":12},"end":{"line":137,"column":13}},{"start":{"line":134,"column":19},"end":{"line":137,"column":13}}],"line":130},"11":{"loc":{"start":{"line":135,"column":25},"end":{"line":135,"column":60}},"type":"binary-expr","locations":[{"start":{"line":135,"column":25},"end":{"line":135,"column":35}},{"start":{"line":135,"column":39},"end":{"line":135,"column":60}}],"line":135},"12":{"loc":{"start":{"line":136,"column":48},"end":{"line":136,"column":83}},"type":"binary-expr","locations":[{"start":{"line":136,"column":48},"end":{"line":136,"column":58}},{"start":{"line":136,"column":62},"end":{"line":136,"column":83}}],"line":136},"13":{"loc":{"start":{"line":160,"column":15},"end":{"line":160,"column":80}},"type":"binary-expr","locations":[{"start":{"line":160,"column":15},"end":{"line":160,"column":19}},{"start":{"line":160,"column":23},"end":{"line":160,"column":39}},{"start":{"line":160,"column":43},"end":{"line":160,"column":80}}],"line":160},"14":{"loc":{"start":{"line":165,"column":15},"end":{"line":165,"column":41}},"type":"binary-expr","locations":[{"start":{"line":165,"column":15},"end":{"line":165,"column":19}},{"start":{"line":165,"column":23},"end":{"line":165,"column":41}}],"line":165},"15":{"loc":{"start":{"line":170,"column":15},"end":{"line":170,"column":77}},"type":"binary-expr","locations":[{"start":{"line":170,"column":15},"end":{"line":170,"column":19}},{"start":{"line":170,"column":24},"end":{"line":170,"column":45}},{"start":{"line":170,"column":49},"end":{"line":170,"column":76}}],"line":170},"16":{"loc":{"start":{"line":189,"column":12},"end":{"line":195,"column":13}},"type":"if","locations":[{"start":{"line":189,"column":12},"end":{"line":195,"column":13}},{"start":{"line":192,"column":19},"end":{"line":195,"column":13}}],"line":189},"17":{"loc":{"start":{"line":193,"column":25},"end":{"line":193,"column":62}},"type":"binary-expr","locations":[{"start":{"line":193,"column":25},"end":{"line":193,"column":35}},{"start":{"line":193,"column":39},"end":{"line":193,"column":62}}],"line":193},"18":{"loc":{"start":{"line":194,"column":48},"end":{"line":194,"column":85}},"type":"binary-expr","locations":[{"start":{"line":194,"column":48},"end":{"line":194,"column":58}},{"start":{"line":194,"column":62},"end":{"line":194,"column":85}}],"line":194},"19":{"loc":{"start":{"line":235,"column":4},"end":{"line":237,"column":5}},"type":"if","locations":[{"start":{"line":235,"column":4},"end":{"line":237,"column":5}},{"start":{},"end":{}}],"line":235},"20":{"loc":{"start":{"line":242,"column":36},"end":{"line":242,"column":61}},"type":"default-arg","locations":[{"start":{"line":242,"column":57},"end":{"line":242,"column":61}}],"line":242},"21":{"loc":{"start":{"line":242,"column":63},"end":{"line":242,"column":82}},"type":"default-arg","locations":[{"start":{"line":242,"column":78},"end":{"line":242,"column":82}}],"line":242},"22":{"loc":{"start":{"line":246,"column":8},"end":{"line":252,"column":9}},"type":"if","locations":[{"start":{"line":246,"column":8},"end":{"line":252,"column":9}},{"start":{},"end":{}}],"line":246},"23":{"loc":{"start":{"line":254,"column":8},"end":{"line":263,"column":9}},"type":"if","locations":[{"start":{"line":254,"column":8},"end":{"line":263,"column":9}},{"start":{},"end":{}}],"line":254},"24":{"loc":{"start":{"line":265,"column":8},"end":{"line":274,"column":9}},"type":"if","locations":[{"start":{"line":265,"column":8},"end":{"line":274,"column":9}},{"start":{},"end":{}}],"line":265},"25":{"loc":{"start":{"line":265,"column":12},"end":{"line":265,"column":68}},"type":"binary-expr","locations":[{"start":{"line":265,"column":12},"end":{"line":265,"column":30}},{"start":{"line":265,"column":34},"end":{"line":265,"column":68}}],"line":265},"26":{"loc":{"start":{"line":276,"column":8},"end":{"line":285,"column":9}},"type":"if","locations":[{"start":{"line":276,"column":8},"end":{"line":285,"column":9}},{"start":{},"end":{}}],"line":276},"27":{"loc":{"start":{"line":276,"column":12},"end":{"line":276,"column":50}},"type":"binary-expr","locations":[{"start":{"line":276,"column":12},"end":{"line":276,"column":24}},{"start":{"line":276,"column":28},"end":{"line":276,"column":50}}],"line":276},"28":{"loc":{"start":{"line":294,"column":4},"end":{"line":294,"column":21}},"type":"default-arg","locations":[{"start":{"line":294,"column":17},"end":{"line":294,"column":21}}],"line":294},"29":{"loc":{"start":{"line":295,"column":4},"end":{"line":295,"column":15}},"type":"default-arg","locations":[{"start":{"line":295,"column":11},"end":{"line":295,"column":15}}],"line":295},"30":{"loc":{"start":{"line":296,"column":4},"end":{"line":296,"column":19}},"type":"default-arg","locations":[{"start":{"line":296,"column":15},"end":{"line":296,"column":19}}],"line":296},"31":{"loc":{"start":{"line":297,"column":4},"end":{"line":297,"column":21}},"type":"default-arg","locations":[{"start":{"line":297,"column":16},"end":{"line":297,"column":21}}],"line":297},"32":{"loc":{"start":{"line":301,"column":4},"end":{"line":303,"column":5}},"type":"if","locations":[{"start":{"line":301,"column":4},"end":{"line":303,"column":5}},{"start":{},"end":{}}],"line":301},"33":{"loc":{"start":{"line":302,"column":15},"end":{"line":302,"column":31}},"type":"binary-expr","locations":[{"start":{"line":302,"column":15},"end":{"line":302,"column":23}},{"start":{"line":302,"column":27},"end":{"line":302,"column":31}}],"line":302},"34":{"loc":{"start":{"line":305,"column":4},"end":{"line":307,"column":5}},"type":"if","locations":[{"start":{"line":305,"column":4},"end":{"line":307,"column":5}},{"start":{},"end":{}}],"line":305},"35":{"loc":{"start":{"line":305,"column":8},"end":{"line":305,"column":31}},"type":"binary-expr","locations":[{"start":{"line":305,"column":8},"end":{"line":305,"column":17}},{"start":{"line":305,"column":21},"end":{"line":305,"column":31}}],"line":305},"36":{"loc":{"start":{"line":306,"column":15},"end":{"line":306,"column":31}},"type":"binary-expr","locations":[{"start":{"line":306,"column":15},"end":{"line":306,"column":23}},{"start":{"line":306,"column":27},"end":{"line":306,"column":31}}],"line":306},"37":{"loc":{"start":{"line":309,"column":4},"end":{"line":311,"column":5}},"type":"if","locations":[{"start":{"line":309,"column":4},"end":{"line":311,"column":5}},{"start":{},"end":{}}],"line":309},"38":{"loc":{"start":{"line":309,"column":8},"end":{"line":309,"column":48}},"type":"binary-expr","locations":[{"start":{"line":309,"column":8},"end":{"line":309,"column":18}},{"start":{"line":309,"column":22},"end":{"line":309,"column":48}}],"line":309},"39":{"loc":{"start":{"line":310,"column":15},"end":{"line":310,"column":31}},"type":"binary-expr","locations":[{"start":{"line":310,"column":15},"end":{"line":310,"column":23}},{"start":{"line":310,"column":27},"end":{"line":310,"column":31}}],"line":310},"40":{"loc":{"start":{"line":313,"column":4},"end":{"line":315,"column":5}},"type":"if","locations":[{"start":{"line":313,"column":4},"end":{"line":315,"column":5}},{"start":{},"end":{}}],"line":313},"41":{"loc":{"start":{"line":313,"column":8},"end":{"line":313,"column":30}},"type":"binary-expr","locations":[{"start":{"line":313,"column":8},"end":{"line":313,"column":12}},{"start":{"line":313,"column":16},"end":{"line":313,"column":30}}],"line":313},"42":{"loc":{"start":{"line":314,"column":15},"end":{"line":314,"column":31}},"type":"binary-expr","locations":[{"start":{"line":314,"column":15},"end":{"line":314,"column":23}},{"start":{"line":314,"column":27},"end":{"line":314,"column":31}}],"line":314}},"s":{"0":1,"1":1,"2":1,"3":28,"4":28,"5":28,"6":28,"7":18,"8":28,"9":4,"10":4,"11":28,"12":3,"13":3,"14":28,"15":8,"16":8,"17":8,"18":7,"19":8,"20":8,"21":1,"22":1,"23":1,"24":7,"25":28,"26":10,"27":10,"28":10,"29":6,"30":6,"31":4,"32":3,"33":3,"34":3,"35":0,"36":0,"37":1,"38":1,"39":1,"40":10,"41":28,"42":4,"43":4,"44":4,"45":4,"46":4,"47":3,"48":3,"49":3,"50":1,"51":1,"52":0,"53":0,"54":0,"55":0,"56":28,"57":1,"58":1,"59":1,"60":1,"61":1,"62":1,"63":1,"64":1,"65":0,"66":0,"67":0,"68":0,"69":0,"70":0,"71":28,"72":1,"73":1,"74":0,"75":1,"76":1,"77":28,"78":2,"79":28,"80":0,"81":28,"82":0,"83":28,"84":4,"85":28,"86":2,"87":2,"88":2,"89":2,"90":2,"91":1,"92":1,"93":1,"94":1,"95":0,"96":0,"97":0,"98":0,"99":28,"100":10,"101":28,"102":28,"103":28,"104":1,"105":28,"106":28,"107":0,"108":28,"109":1,"110":0,"111":0,"112":0,"113":0,"114":0,"115":0,"116":0,"117":0,"118":0,"119":0,"120":0,"121":1,"122":0,"123":0,"124":0,"125":0,"126":0,"127":0,"128":0,"129":0,"130":0,"131":0},"f":{"0":28,"1":18,"2":4,"3":3,"4":8,"5":10,"6":4,"7":1,"8":1,"9":2,"10":0,"11":0,"12":4,"13":2,"14":10,"15":28,"16":28,"17":0,"18":0,"19":0},"b":{"0":[1,1],"1":[5],"2":[7,1],"3":[1,7],"4":[8,2],"5":[6,4],"6":[3,0],"7":[3,1],"8":[1,0],"9":[1,0],"10":[1,0],"11":[0,0],"12":[0,0],"13":[2,2,2],"14":[0,0],"15":[0,0,0],"16":[1,1],"17":[1,0],"18":[1,0],"19":[0,28],"20":[0],"21":[0],"22":[0,0],"23":[0,0],"24":[0,0],"25":[0,0],"26":[0,0],"27":[0,0],"28":[0],"29":[0],"30":[0],"31":[0],"32":[0,0],"33":[0,0],"34":[0,0],"35":[0,0],"36":[0,0],"37":[0,0],"38":[0,0],"39":[0,0],"40":[0,0],"41":[0,0],"42":[0,0]},"_coverageSchema":"1a1c01bbd47fc00a2c39e90264f33305004495a9","hash":"f3ff99c1ae88a92db123f323ebb2ef1b6e74fd69"}
}
