TN:
SF:src\hooks\useAuth.js
FN:10,(anonymous_0)
FN:16,(anonymous_1)
FN:21,(anonymous_2)
FN:27,(anonymous_3)
FN:33,(anonymous_4)
FN:60,(anonymous_5)
FN:87,(anonymous_6)
FN:117,(anonymous_7)
FN:147,(anonymous_8)
FN:159,(anonymous_9)
FN:164,(anonymous_10)
FN:169,(anonymous_11)
FN:174,(anonymous_12)
FN:179,(anonymous_13)
FN:205,(anonymous_14)
FN:209,(anonymous_15)
FN:233,(anonymous_16)
FN:242,(anonymous_17)
FN:243,AuthenticatedComponent
FN:292,(anonymous_19)
FNF:20
FNH:15
FNDA:28,(anonymous_0)
FNDA:18,(anonymous_1)
FNDA:4,(anonymous_2)
FNDA:3,(anonymous_3)
FNDA:8,(anonymous_4)
FNDA:10,(anonymous_5)
FNDA:4,(anonymous_6)
FNDA:1,(anonymous_7)
FNDA:1,(anonymous_8)
FNDA:2,(anonymous_9)
FNDA:0,(anonymous_10)
FNDA:0,(anonymous_11)
FNDA:4,(anonymous_12)
FNDA:2,(anonymous_13)
FNDA:10,(anonymous_14)
FNDA:28,(anonymous_15)
FNDA:28,(anonymous_16)
FNDA:0,(anonymous_17)
FNDA:0,AuthenticatedComponent
FNDA:0,(anonymous_19)
DA:4,1
DA:7,1
DA:10,1
DA:11,28
DA:12,28
DA:13,28
DA:16,28
DA:17,18
DA:21,28
DA:22,4
DA:23,4
DA:27,28
DA:28,3
DA:29,3
DA:33,28
DA:34,8
DA:35,8
DA:40,8
DA:41,7
DA:44,8
DA:49,8
DA:51,1
DA:52,1
DA:53,1
DA:56,7
DA:60,28
DA:61,10
DA:62,10
DA:63,10
DA:64,6
DA:65,6
DA:68,4
DA:70,3
DA:71,3
DA:72,3
DA:74,0
DA:75,0
DA:78,1
DA:79,1
DA:80,1
DA:82,10
DA:87,28
DA:88,4
DA:89,4
DA:90,4
DA:98,4
DA:100,4
DA:101,3
DA:102,3
DA:103,3
DA:105,1
DA:106,1
DA:109,0
DA:110,0
DA:111,0
DA:112,0
DA:117,28
DA:118,1
DA:119,1
DA:120,1
DA:128,1
DA:130,1
DA:131,1
DA:132,1
DA:133,1
DA:135,0
DA:136,0
DA:139,0
DA:140,0
DA:141,0
DA:142,0
DA:147,28
DA:148,1
DA:149,1
DA:151,0
DA:153,1
DA:154,1
DA:159,28
DA:160,2
DA:164,28
DA:165,0
DA:169,28
DA:170,0
DA:174,28
DA:175,4
DA:179,28
DA:180,2
DA:181,2
DA:182,2
DA:187,2
DA:189,2
DA:190,1
DA:191,1
DA:193,1
DA:194,1
DA:197,0
DA:198,0
DA:199,0
DA:200,0
DA:205,28
DA:206,10
DA:209,28
DA:225,28
DA:233,1
DA:234,28
DA:235,28
DA:236,0
DA:238,28
DA:242,1
DA:243,0
DA:244,0
DA:246,0
DA:247,0
DA:254,0
DA:255,0
DA:265,0
DA:266,0
DA:276,0
DA:277,0
DA:287,0
DA:292,1
DA:299,0
DA:301,0
DA:302,0
DA:305,0
DA:306,0
DA:309,0
DA:310,0
DA:313,0
DA:314,0
DA:317,0
LF:131
LH:90
BRDA:7,0,0,1
BRDA:7,0,1,1
BRDA:33,1,0,5
BRDA:40,2,0,7
BRDA:40,2,1,1
BRDA:49,3,0,1
BRDA:49,3,1,7
BRDA:49,4,0,8
BRDA:49,4,1,2
BRDA:63,5,0,6
BRDA:63,5,1,4
BRDA:70,6,0,3
BRDA:70,6,1,0
BRDA:100,7,0,3
BRDA:100,7,1,1
BRDA:105,8,0,1
BRDA:105,8,1,0
BRDA:106,9,0,1
BRDA:106,9,1,0
BRDA:130,10,0,1
BRDA:130,10,1,0
BRDA:135,11,0,0
BRDA:135,11,1,0
BRDA:136,12,0,0
BRDA:136,12,1,0
BRDA:160,13,0,2
BRDA:160,13,1,2
BRDA:160,13,2,2
BRDA:165,14,0,0
BRDA:165,14,1,0
BRDA:170,15,0,0
BRDA:170,15,1,0
BRDA:170,15,2,0
BRDA:189,16,0,1
BRDA:189,16,1,1
BRDA:193,17,0,1
BRDA:193,17,1,0
BRDA:194,18,0,1
BRDA:194,18,1,0
BRDA:235,19,0,0
BRDA:235,19,1,28
BRDA:242,20,0,0
BRDA:242,21,0,0
BRDA:246,22,0,0
BRDA:246,22,1,0
BRDA:254,23,0,0
BRDA:254,23,1,0
BRDA:265,24,0,0
BRDA:265,24,1,0
BRDA:265,25,0,0
BRDA:265,25,1,0
BRDA:276,26,0,0
BRDA:276,26,1,0
BRDA:276,27,0,0
BRDA:276,27,1,0
BRDA:294,28,0,0
BRDA:295,29,0,0
BRDA:296,30,0,0
BRDA:297,31,0,0
BRDA:301,32,0,0
BRDA:301,32,1,0
BRDA:302,33,0,0
BRDA:302,33,1,0
BRDA:305,34,0,0
BRDA:305,34,1,0
BRDA:305,35,0,0
BRDA:305,35,1,0
BRDA:306,36,0,0
BRDA:306,36,1,0
BRDA:309,37,0,0
BRDA:309,37,1,0
BRDA:309,38,0,0
BRDA:309,38,1,0
BRDA:310,39,0,0
BRDA:310,39,1,0
BRDA:313,40,0,0
BRDA:313,40,1,0
BRDA:313,41,0,0
BRDA:313,41,1,0
BRDA:314,42,0,0
BRDA:314,42,1,0
BRF:81
BRH:25
end_of_record
